0 info it worked if it ends with ok
1 verbose cli [ 'node', '/usr/local/bin/npm', 'install' ]
2 info using npm@1.4.28
3 info using node@v0.10.34
4 warn package.json ToDoApp@1.0.0 No repository field.
5 warn package.json ToDoApp@1.0.0 No README data
6 verbose readDependencies using package.json deps
7 verbose install where, deps [ '/Users/suyashkumar/Dropbox/Duke/WinterBreakLearning/NodePlayground/ToDoApp',
7 verbose install   [ 'express', 'mongoose', 'morgan', 'method-override' ] ]
8 info preinstall ToDoApp@1.0.0
9 verbose readDependencies using package.json deps
10 verbose cache add [ 'express@~4.7.2', null ]
11 verbose cache add name=undefined spec="express@~4.7.2" args=["express@~4.7.2",null]
12 verbose parsed url { protocol: null,
12 verbose parsed url   slashes: null,
12 verbose parsed url   auth: null,
12 verbose parsed url   host: null,
12 verbose parsed url   port: null,
12 verbose parsed url   hostname: null,
12 verbose parsed url   hash: null,
12 verbose parsed url   search: null,
12 verbose parsed url   query: null,
12 verbose parsed url   pathname: 'express@~4.7.2',
12 verbose parsed url   path: 'express@~4.7.2',
12 verbose parsed url   href: 'express@~4.7.2' }
13 verbose cache add [ 'mongoose@~3.6.2', null ]
14 verbose cache add name=undefined spec="mongoose@~3.6.2" args=["mongoose@~3.6.2",null]
15 verbose parsed url { protocol: null,
15 verbose parsed url   slashes: null,
15 verbose parsed url   auth: null,
15 verbose parsed url   host: null,
15 verbose parsed url   port: null,
15 verbose parsed url   hostname: null,
15 verbose parsed url   hash: null,
15 verbose parsed url   search: null,
15 verbose parsed url   query: null,
15 verbose parsed url   pathname: 'mongoose@~3.6.2',
15 verbose parsed url   path: 'mongoose@~3.6.2',
15 verbose parsed url   href: 'mongoose@~3.6.2' }
16 verbose cache add [ 'morgan@body-parser', null ]
17 verbose cache add name=undefined spec="morgan@body-parser" args=["morgan@body-parser",null]
18 verbose parsed url { protocol: null,
18 verbose parsed url   slashes: null,
18 verbose parsed url   auth: null,
18 verbose parsed url   host: null,
18 verbose parsed url   port: null,
18 verbose parsed url   hostname: null,
18 verbose parsed url   hash: null,
18 verbose parsed url   search: null,
18 verbose parsed url   query: null,
18 verbose parsed url   pathname: 'morgan@body-parser',
18 verbose parsed url   path: 'morgan@body-parser',
18 verbose parsed url   href: 'morgan@body-parser' }
19 verbose cache add [ 'method-override@~2.1.2', null ]
20 verbose cache add name=undefined spec="method-override@~2.1.2" args=["method-override@~2.1.2",null]
21 verbose parsed url { protocol: null,
21 verbose parsed url   slashes: null,
21 verbose parsed url   auth: null,
21 verbose parsed url   host: null,
21 verbose parsed url   port: null,
21 verbose parsed url   hostname: null,
21 verbose parsed url   hash: null,
21 verbose parsed url   search: null,
21 verbose parsed url   query: null,
21 verbose parsed url   pathname: 'method-override@~2.1.2',
21 verbose parsed url   path: 'method-override@~2.1.2',
21 verbose parsed url   href: 'method-override@~2.1.2' }
22 verbose cache add name="express" spec="~4.7.2" args=["express","~4.7.2"]
23 verbose parsed url { protocol: null,
23 verbose parsed url   slashes: null,
23 verbose parsed url   auth: null,
23 verbose parsed url   host: null,
23 verbose parsed url   port: null,
23 verbose parsed url   hostname: null,
23 verbose parsed url   hash: null,
23 verbose parsed url   search: null,
23 verbose parsed url   query: null,
23 verbose parsed url   pathname: '~4.7.2',
23 verbose parsed url   path: '~4.7.2',
23 verbose parsed url   href: '~4.7.2' }
24 verbose addNamed [ 'express', '~4.7.2' ]
25 verbose addNamed [ null, '>=4.7.2-0 <4.8.0-0' ]
26 verbose cache add name="mongoose" spec="~3.6.2" args=["mongoose","~3.6.2"]
27 verbose parsed url { protocol: null,
27 verbose parsed url   slashes: null,
27 verbose parsed url   auth: null,
27 verbose parsed url   host: null,
27 verbose parsed url   port: null,
27 verbose parsed url   hostname: null,
27 verbose parsed url   hash: null,
27 verbose parsed url   search: null,
27 verbose parsed url   query: null,
27 verbose parsed url   pathname: '~3.6.2',
27 verbose parsed url   path: '~3.6.2',
27 verbose parsed url   href: '~3.6.2' }
28 verbose addNamed [ 'mongoose', '~3.6.2' ]
29 verbose addNamed [ null, '>=3.6.2-0 <3.7.0-0' ]
30 verbose cache add name="morgan" spec="body-parser" args=["morgan","body-parser"]
31 verbose parsed url { protocol: null,
31 verbose parsed url   slashes: null,
31 verbose parsed url   auth: null,
31 verbose parsed url   host: null,
31 verbose parsed url   port: null,
31 verbose parsed url   hostname: null,
31 verbose parsed url   hash: null,
31 verbose parsed url   search: null,
31 verbose parsed url   query: null,
31 verbose parsed url   pathname: 'body-parser',
31 verbose parsed url   path: 'body-parser',
31 verbose parsed url   href: 'body-parser' }
32 verbose addNamed [ 'morgan', 'body-parser' ]
33 verbose addNamed [ null, null ]
34 verbose cache add name="method-override" spec="~2.1.2" args=["method-override","~2.1.2"]
35 verbose parsed url { protocol: null,
35 verbose parsed url   slashes: null,
35 verbose parsed url   auth: null,
35 verbose parsed url   host: null,
35 verbose parsed url   port: null,
35 verbose parsed url   hostname: null,
35 verbose parsed url   hash: null,
35 verbose parsed url   search: null,
35 verbose parsed url   query: null,
35 verbose parsed url   pathname: '~2.1.2',
35 verbose parsed url   path: '~2.1.2',
35 verbose parsed url   href: '~2.1.2' }
36 verbose addNamed [ 'method-override', '~2.1.2' ]
37 verbose addNamed [ null, '>=2.1.2-0 <2.2.0-0' ]
38 silly lockFile ef4e1f61-express-4-7-2 express@~4.7.2
39 verbose lock express@~4.7.2 /Users/suyashkumar/.npm/ef4e1f61-express-4-7-2.lock
40 silly lockFile 96ad86c1-mongoose-3-6-2 mongoose@~3.6.2
41 verbose lock mongoose@~3.6.2 /Users/suyashkumar/.npm/96ad86c1-mongoose-3-6-2.lock
42 silly lockFile c9d6a189-morgan-body-parser morgan@body-parser
43 verbose lock morgan@body-parser /Users/suyashkumar/.npm/c9d6a189-morgan-body-parser.lock
44 silly lockFile fa7a4300-method-override-2-1-2 method-override@~2.1.2
45 verbose lock method-override@~2.1.2 /Users/suyashkumar/.npm/fa7a4300-method-override-2-1-2.lock
46 silly addNameRange { name: 'express', range: '>=4.7.2-0 <4.8.0-0', hasData: false }
47 silly addNameRange { name: 'mongoose', range: '>=3.6.2-0 <3.7.0-0', hasData: false }
48 info addNameTag [ 'morgan', 'body-parser' ]
49 silly addNameRange { name: 'method-override',
49 silly addNameRange   range: '>=2.1.2-0 <2.2.0-0',
49 silly addNameRange   hasData: false }
50 verbose request where is /morgan
51 verbose request registry https://registry.npmjs.org/
52 verbose request id 02c8c291eff21847
53 verbose url raw /morgan
54 verbose url resolving [ 'https://registry.npmjs.org/', './morgan' ]
55 verbose url resolved https://registry.npmjs.org/morgan
56 verbose request where is https://registry.npmjs.org/morgan
57 info trying registry request attempt 1 at 20:53:33
58 verbose etag "5WA5NSQRM4BQPLMFT416OA0VM"
59 http GET https://registry.npmjs.org/morgan
60 verbose request where is /express
61 verbose request registry https://registry.npmjs.org/
62 verbose url raw /express
63 verbose url resolving [ 'https://registry.npmjs.org/', './express' ]
64 verbose url resolved https://registry.npmjs.org/express
65 verbose request where is https://registry.npmjs.org/express
66 info trying registry request attempt 1 at 20:53:33
67 verbose etag "4Z3Q8LIV2SPPVOI0ZQDH2HLA0"
68 http GET https://registry.npmjs.org/express
69 verbose request where is /method-override
70 verbose request registry https://registry.npmjs.org/
71 verbose url raw /method-override
72 verbose url resolving [ 'https://registry.npmjs.org/', './method-override' ]
73 verbose url resolved https://registry.npmjs.org/method-override
74 verbose request where is https://registry.npmjs.org/method-override
75 info trying registry request attempt 1 at 20:53:33
76 verbose etag "AK6QIVGBUW4U1X7FDGZTCJDI1"
77 http GET https://registry.npmjs.org/method-override
78 verbose request where is /mongoose
79 verbose request registry https://registry.npmjs.org/
80 verbose url raw /mongoose
81 verbose url resolving [ 'https://registry.npmjs.org/', './mongoose' ]
82 verbose url resolved https://registry.npmjs.org/mongoose
83 verbose request where is https://registry.npmjs.org/mongoose
84 info trying registry request attempt 1 at 20:53:33
85 verbose etag "2YYN2GK0FBB2QQBPSSEPGCQ8X"
86 http GET https://registry.npmjs.org/mongoose
87 http 304 https://registry.npmjs.org/morgan
88 silly registry.get cb [ 304,
88 silly registry.get   { date: 'Sat, 20 Dec 2014 01:53:35 GMT',
88 silly registry.get     server: 'Apache',
88 silly registry.get     via: '1.1 varnish',
88 silly registry.get     'last-modified': 'Sat, 20 Dec 2014 01:53:35 GMT',
88 silly registry.get     'cache-control': 'max-age=60',
88 silly registry.get     etag: '"5WA5NSQRM4BQPLMFT416OA0VM"',
88 silly registry.get     age: '0',
88 silly registry.get     'x-served-by': 'cache-atl6227-ATL',
88 silly registry.get     'x-cache': 'HIT',
88 silly registry.get     'x-cache-hits': '1',
88 silly registry.get     'x-timer': 'S1419040415.472886,VS0,VE23',
88 silly registry.get     vary: 'Accept',
88 silly registry.get     'content-length': '0',
88 silly registry.get     'keep-alive': 'timeout=10, max=50',
88 silly registry.get     connection: 'Keep-Alive' } ]
89 verbose etag https://registry.npmjs.org/morgan from cache
90 silly lockFile c9d6a189-morgan-body-parser morgan@body-parser
91 silly lockFile c9d6a189-morgan-body-parser morgan@body-parser
92 http 304 https://registry.npmjs.org/express
93 silly registry.get cb [ 304,
93 silly registry.get   { date: 'Sat, 20 Dec 2014 01:53:35 GMT',
93 silly registry.get     server: 'Apache',
93 silly registry.get     via: '1.1 varnish',
93 silly registry.get     'last-modified': 'Sat, 20 Dec 2014 01:53:32 GMT',
93 silly registry.get     'cache-control': 'max-age=60',
93 silly registry.get     etag: '"4Z3Q8LIV2SPPVOI0ZQDH2HLA0"',
93 silly registry.get     age: '13',
93 silly registry.get     'x-served-by': 'cache-atl6223-ATL',
93 silly registry.get     'x-cache': 'HIT',
93 silly registry.get     'x-cache-hits': '2',
93 silly registry.get     'x-timer': 'S1419040415.762946,VS0,VE0',
93 silly registry.get     vary: 'Accept',
93 silly registry.get     'content-length': '0',
93 silly registry.get     'keep-alive': 'timeout=10, max=50',
93 silly registry.get     connection: 'Keep-Alive' } ]
94 verbose etag https://registry.npmjs.org/express from cache
95 silly addNameRange number 2 { name: 'express', range: '>=4.7.2-0 <4.8.0-0', hasData: true }
96 silly addNameRange versions [ 'express',
96 silly addNameRange   [ '0.14.0',
96 silly addNameRange     '0.14.1',
96 silly addNameRange     '1.0.0',
96 silly addNameRange     '1.0.1',
96 silly addNameRange     '1.0.2',
96 silly addNameRange     '1.0.3',
96 silly addNameRange     '1.0.4',
96 silly addNameRange     '1.0.5',
96 silly addNameRange     '1.0.6',
96 silly addNameRange     '1.0.7',
96 silly addNameRange     '1.0.8',
96 silly addNameRange     '2.0.0',
96 silly addNameRange     '2.1.0',
96 silly addNameRange     '2.1.1',
96 silly addNameRange     '2.2.0',
96 silly addNameRange     '2.2.1',
96 silly addNameRange     '2.2.2',
96 silly addNameRange     '2.3.0',
96 silly addNameRange     '2.3.1',
96 silly addNameRange     '2.3.2',
96 silly addNameRange     '2.3.3',
96 silly addNameRange     '2.3.4',
96 silly addNameRange     '2.3.5',
96 silly addNameRange     '2.3.6',
96 silly addNameRange     '2.3.7',
96 silly addNameRange     '2.3.8',
96 silly addNameRange     '2.3.9',
96 silly addNameRange     '2.3.10',
96 silly addNameRange     '2.3.11',
96 silly addNameRange     '2.3.12',
96 silly addNameRange     '2.4.0',
96 silly addNameRange     '2.4.1',
96 silly addNameRange     '2.4.2',
96 silly addNameRange     '2.4.3',
96 silly addNameRange     '2.4.4',
96 silly addNameRange     '2.4.5',
96 silly addNameRange     '2.4.6',
96 silly addNameRange     '2.4.7',
96 silly addNameRange     '2.5.0',
96 silly addNameRange     '2.5.1',
96 silly addNameRange     '2.5.2',
96 silly addNameRange     '2.5.3',
96 silly addNameRange     '2.5.4',
96 silly addNameRange     '2.5.5',
96 silly addNameRange     '2.5.6',
96 silly addNameRange     '2.5.7',
96 silly addNameRange     '2.5.8',
96 silly addNameRange     '2.5.9',
96 silly addNameRange     '2.5.10',
96 silly addNameRange     '2.5.11',
96 silly addNameRange     '3.0.0',
96 silly addNameRange     '3.0.1',
96 silly addNameRange     '3.0.2',
96 silly addNameRange     '3.0.3',
96 silly addNameRange     '3.0.4',
96 silly addNameRange     '3.0.5',
96 silly addNameRange     '3.0.6',
96 silly addNameRange     '3.1.0',
96 silly addNameRange     '3.1.1',
96 silly addNameRange     '3.1.2',
96 silly addNameRange     '3.2.0',
96 silly addNameRange     '3.2.1',
96 silly addNameRange     '3.2.2',
96 silly addNameRange     '3.2.3',
96 silly addNameRange     '3.2.4',
96 silly addNameRange     '3.2.5',
96 silly addNameRange     '3.2.6',
96 silly addNameRange     '3.3.0',
96 silly addNameRange     '3.3.1',
96 silly addNameRange     '3.3.2',
96 silly addNameRange     '3.3.3',
96 silly addNameRange     '3.3.4',
96 silly addNameRange     '3.3.5',
96 silly addNameRange     '3.3.6',
96 silly addNameRange     '1.0.0-beta',
96 silly addNameRange     '1.0.0-beta2',
96 silly addNameRange     '1.0.0-rc',
96 silly addNameRange     '1.0.0-rc2',
96 silly addNameRange     '1.0.0-rc3',
96 silly addNameRange     '1.0.0-rc4',
96 silly addNameRange     '2.0.0-beta',
96 silly addNameRange     '2.0.0-beta2',
96 silly addNameRange     '2.0.0-beta3',
96 silly addNameRange     '2.0.0-rc',
96 silly addNameRange     '2.0.0-rc2',
96 silly addNameRange     '2.0.0-rc3',
96 silly addNameRange     '3.0.0-alpha1',
96 silly addNameRange     '3.0.0-alpha2',
96 silly addNameRange     '3.0.0-alpha3',
96 silly addNameRange     '3.0.0-alpha4',
96 silly addNameRange     '3.0.0-alpha5',
96 silly addNameRange     '3.0.0-beta1',
96 silly addNameRange     '3.0.0-beta2',
96 silly addNameRange     '3.0.0-beta3',
96 silly addNameRange     '3.0.0-beta4',
96 silly addNameRange     '3.0.0-beta6',
96 silly addNameRange     '3.0.0-beta7',
96 silly addNameRange     '3.0.0-rc1',
96 silly addNameRange     '3.0.0-rc2',
96 silly addNameRange     '3.0.0-rc3',
96 silly addNameRange     '3.0.0-rc4',
96 silly addNameRange     '3.0.0-rc5',
96 silly addNameRange     '3.3.7',
96 silly addNameRange     '3.3.8',
96 silly addNameRange     '3.4.0',
96 silly addNameRange     '3.4.1',
96 silly addNameRange     '3.4.2',
96 silly addNameRange     '3.4.3',
96 silly addNameRange     '3.4.4',
96 silly addNameRange     '3.4.5',
96 silly addNameRange     '3.4.6',
96 silly addNameRange     '3.4.7',
96 silly addNameRange     '3.4.8',
96 silly addNameRange     '4.0.0-rc1',
96 silly addNameRange     '4.0.0-rc2',
96 silly addNameRange     '3.5.0',
96 silly addNameRange     '4.0.0-rc3',
96 silly addNameRange     '4.0.0-rc4',
96 silly addNameRange     '3.5.1',
96 silly addNameRange     '4.0.0',
96 silly addNameRange     '3.5.2',
96 silly addNameRange     '4.1.0',
96 silly addNameRange     '4.1.1',
96 silly addNameRange     '3.5.3',
96 silly addNameRange     '4.1.2',
96 silly addNameRange     '3.6.0',
96 silly addNameRange     '4.2.0',
96 silly addNameRange     '3.7.0',
96 silly addNameRange     '3.8.0',
96 silly addNameRange     '4.3.0',
96 silly addNameRange     '4.3.1',
96 silly addNameRange     '3.8.1',
96 silly addNameRange     '4.3.2',
96 silly addNameRange     '3.9.0',
96 silly addNameRange     '4.4.0',
96 silly addNameRange     '4.4.1',
96 silly addNameRange     '3.10.0',
96 silly addNameRange     '3.10.1',
96 silly addNameRange     '3.10.2',
96 silly addNameRange     '3.10.3',
96 silly addNameRange     '3.10.4',
96 silly addNameRange     '4.4.2',
96 silly addNameRange     '3.10.5',
96 silly addNameRange     '4.4.3',
96 silly addNameRange     '3.11.0',
96 silly addNameRange     '4.4.4',
96 silly addNameRange     '3.12.0',
96 silly addNameRange     '3.12.1',
96 silly addNameRange     '4.4.5',
96 silly addNameRange     '3.13.0',
96 silly addNameRange     '4.5.0',
96 silly addNameRange     '4.5.1',
96 silly addNameRange     '3.14.0',
96 silly addNameRange     '4.6.0',
96 silly addNameRange     '4.6.1',
96 silly addNameRange     '3.15.0',
96 silly addNameRange     '4.7.0',
96 silly addNameRange     '3.15.1',
96 silly addNameRange     '4.7.1',
96 silly addNameRange     '3.15.2',
96 silly addNameRange     '4.7.2',
96 silly addNameRange     '4.7.3',
96 silly addNameRange     '3.15.3',
96 silly addNameRange     '4.7.4',
96 silly addNameRange     '3.16.0',
96 silly addNameRange     '4.8.0',
96 silly addNameRange     '3.16.1',
96 silly addNameRange     '4.8.1',
96 silly addNameRange     '3.16.2',
96 silly addNameRange     '4.8.2',
96 silly addNameRange     '3.16.3',
96 silly addNameRange     '3.16.4',
96 silly addNameRange     '4.8.3',
96 silly addNameRange     '3.16.5',
96 silly addNameRange     '3.16.6',
96 silly addNameRange     '4.8.4',
96 silly addNameRange     '3.16.7',
96 silly addNameRange     '4.8.5',
96 silly addNameRange     '3.16.8',
96 silly addNameRange     '4.8.6',
96 silly addNameRange     '3.16.9',
96 silly addNameRange     '4.8.7',
96 silly addNameRange     '3.16.10',
96 silly addNameRange     '4.8.8',
96 silly addNameRange     '3.17.0',
96 silly addNameRange     '3.17.1',
96 silly addNameRange     '4.9.0',
96 silly addNameRange     '3.17.2',
96 silly addNameRange     '4.9.1',
96 silly addNameRange     '4.9.2',
96 silly addNameRange     '3.17.3',
96 silly addNameRange     '4.9.3',
96 silly addNameRange     '3.17.4',
96 silly addNameRange     '4.9.4',
96 silly addNameRange     '3.17.5',
96 silly addNameRange     '4.9.5',
96 silly addNameRange     '3.17.6',
96 silly addNameRange     '3.17.7',
96 silly addNameRange     '4.9.6',
96 silly addNameRange     '4.9.7',
96 silly addNameRange     '3.17.8',
96 silly addNameRange     '4.9.8',
96 silly addNameRange     '3.18.0',
96 silly addNameRange     '3.18.1',
96 silly addNameRange     '4.10.0',
96 silly addNameRange     '3.18.2',
96 silly addNameRange     '4.10.1',
96 silly addNameRange     '5.0.0-alpha.1',
96 silly addNameRange     '3.18.3',
96 silly addNameRange     '4.10.2',
96 silly addNameRange     '3.18.4',
96 silly addNameRange     '4.10.3',
96 silly addNameRange     '4.10.4',
96 silly addNameRange     '4.10.5',
96 silly addNameRange     '3.18.5',
96 silly addNameRange     '3.18.6',
96 silly addNameRange     '4.10.6' ] ]
97 verbose addNamed [ 'express', '4.7.4' ]
98 verbose addNamed [ '4.7.4', '4.7.4' ]
99 silly lockFile 70e7f37f-express-4-7-4 express@4.7.4
100 verbose lock express@4.7.4 /Users/suyashkumar/.npm/70e7f37f-express-4-7-4.lock
101 http 304 https://registry.npmjs.org/mongoose
102 silly registry.get cb [ 304,
102 silly registry.get   { date: 'Sat, 20 Dec 2014 01:53:35 GMT',
102 silly registry.get     server: 'Apache',
102 silly registry.get     via: '1.1 varnish',
102 silly registry.get     'last-modified': 'Sat, 20 Dec 2014 01:53:35 GMT',
102 silly registry.get     'cache-control': 'max-age=60',
102 silly registry.get     etag: '"2YYN2GK0FBB2QQBPSSEPGCQ8X"',
102 silly registry.get     age: '13',
102 silly registry.get     'x-served-by': 'cache-atl6222-ATL',
102 silly registry.get     'x-cache': 'HIT',
102 silly registry.get     'x-cache-hits': '1',
102 silly registry.get     'x-timer': 'S1419040415.781518,VS0,VE4',
102 silly registry.get     vary: 'Accept',
102 silly registry.get     'content-length': '0',
102 silly registry.get     'keep-alive': 'timeout=10, max=50',
102 silly registry.get     connection: 'Keep-Alive' } ]
103 verbose etag https://registry.npmjs.org/mongoose from cache
104 silly lockFile 47db6f59-js-org-express-express-4-7-4-tgz https://registry.npmjs.org/express/-/express-4.7.4.tgz
105 verbose lock https://registry.npmjs.org/express/-/express-4.7.4.tgz /Users/suyashkumar/.npm/47db6f59-js-org-express-express-4-7-4-tgz.lock
106 verbose addRemoteTarball [ 'https://registry.npmjs.org/express/-/express-4.7.4.tgz',
106 verbose addRemoteTarball   'caf59389cf0b31b1314bf44d3355c2a80cfa217c' ]
107 silly addNameRange number 2 { name: 'mongoose', range: '>=3.6.2-0 <3.7.0-0', hasData: true }
108 silly addNameRange versions [ 'mongoose',
108 silly addNameRange   [ '0.0.1',
108 silly addNameRange     '0.0.2',
108 silly addNameRange     '0.0.3',
108 silly addNameRange     '0.0.4',
108 silly addNameRange     '0.0.5',
108 silly addNameRange     '1.0.0',
108 silly addNameRange     '1.0.1',
108 silly addNameRange     '1.0.2',
108 silly addNameRange     '0.0.6',
108 silly addNameRange     '1.0.3',
108 silly addNameRange     '1.0.4',
108 silly addNameRange     '1.0.5',
108 silly addNameRange     '1.0.6',
108 silly addNameRange     '1.0.7',
108 silly addNameRange     '1.0.8',
108 silly addNameRange     '1.0.10',
108 silly addNameRange     '1.0.11',
108 silly addNameRange     '1.0.12',
108 silly addNameRange     '1.0.13',
108 silly addNameRange     '1.0.14',
108 silly addNameRange     '1.0.15',
108 silly addNameRange     '1.0.16',
108 silly addNameRange     '1.1.0',
108 silly addNameRange     '1.1.1',
108 silly addNameRange     '1.1.2',
108 silly addNameRange     '1.1.3',
108 silly addNameRange     '1.1.4',
108 silly addNameRange     '1.1.5',
108 silly addNameRange     '1.1.6',
108 silly addNameRange     '1.1.7',
108 silly addNameRange     '1.1.8',
108 silly addNameRange     '1.1.9',
108 silly addNameRange     '1.1.10',
108 silly addNameRange     '1.1.11',
108 silly addNameRange     '1.1.12',
108 silly addNameRange     '1.1.13',
108 silly addNameRange     '1.1.14',
108 silly addNameRange     '1.1.15',
108 silly addNameRange     '1.1.16',
108 silly addNameRange     '1.1.17',
108 silly addNameRange     '1.1.18',
108 silly addNameRange     '1.1.19',
108 silly addNameRange     '1.1.20',
108 silly addNameRange     '1.1.21',
108 silly addNameRange     '1.1.22',
108 silly addNameRange     '1.1.23',
108 silly addNameRange     '1.1.24',
108 silly addNameRange     '1.1.25',
108 silly addNameRange     '1.2.0',
108 silly addNameRange     '1.3.0',
108 silly addNameRange     '1.3.1',
108 silly addNameRange     '1.3.2',
108 silly addNameRange     '1.3.3',
108 silly addNameRange     '1.3.4',
108 silly addNameRange     '1.3.5',
108 silly addNameRange     '1.3.6',
108 silly addNameRange     '1.3.7',
108 silly addNameRange     '1.4.0',
108 silly addNameRange     '1.5.0',
108 silly addNameRange     '1.6.0',
108 silly addNameRange     '1.7.2',
108 silly addNameRange     '1.7.3',
108 silly addNameRange     '1.7.4',
108 silly addNameRange     '1.8.0',
108 silly addNameRange     '1.8.1',
108 silly addNameRange     '1.8.2',
108 silly addNameRange     '1.8.3',
108 silly addNameRange     '1.8.4',
108 silly addNameRange     '2.0.0',
108 silly addNameRange     '2.0.1',
108 silly addNameRange     '2.0.2',
108 silly addNameRange     '2.0.3',
108 silly addNameRange     '2.0.4',
108 silly addNameRange     '2.1.0',
108 silly addNameRange     '2.1.1',
108 silly addNameRange     '2.1.2',
108 silly addNameRange     '2.1.3',
108 silly addNameRange     '2.1.4',
108 silly addNameRange     '2.2.0',
108 silly addNameRange     '2.2.1',
108 silly addNameRange     '2.2.2',
108 silly addNameRange     '2.2.3',
108 silly addNameRange     '2.2.4',
108 silly addNameRange     '2.3.0',
108 silly addNameRange     '2.3.1',
108 silly addNameRange     '2.3.2',
108 silly addNameRange     '2.3.3',
108 silly addNameRange     '2.3.4',
108 silly addNameRange     '2.3.5',
108 silly addNameRange     '2.3.6',
108 silly addNameRange     '2.3.7',
108 silly addNameRange     '2.3.8',
108 silly addNameRange     '2.3.9',
108 silly addNameRange     '2.3.10',
108 silly addNameRange     '2.3.11',
108 silly addNameRange     '2.3.12',
108 silly addNameRange     '2.3.13',
108 silly addNameRange     '2.4.0',
108 silly addNameRange     '2.4.1',
108 silly addNameRange     '2.4.2',
108 silly addNameRange     '2.4.3',
108 silly addNameRange     '2.4.4',
108 silly addNameRange     '2.4.5',
108 silly addNameRange     '2.4.6',
108 silly addNameRange     '2.4.7',
108 silly addNameRange     '2.4.8',
108 silly addNameRange     '2.4.9',
108 silly addNameRange     '2.4.10',
108 silly addNameRange     '2.5.0',
108 silly addNameRange     '2.5.1',
108 silly addNameRange     '2.5.2',
108 silly addNameRange     '2.5.3',
108 silly addNameRange     '2.5.4',
108 silly addNameRange     '2.5.5',
108 silly addNameRange     '2.5.6',
108 silly addNameRange     '2.5.7',
108 silly addNameRange     '2.5.8',
108 silly addNameRange     '2.5.9',
108 silly addNameRange     '2.5.10',
108 silly addNameRange     '2.5.11',
108 silly addNameRange     '2.5.12',
108 silly addNameRange     '2.5.13',
108 silly addNameRange     '2.5.14',
108 silly addNameRange     '2.6.0',
108 silly addNameRange     '2.6.1',
108 silly addNameRange     '2.6.2',
108 silly addNameRange     '2.6.3',
108 silly addNameRange     '2.6.4',
108 silly addNameRange     '2.6.5',
108 silly addNameRange     '2.6.6',
108 silly addNameRange     '2.6.7',
108 silly addNameRange     '2.6.8',
108 silly addNameRange     '2.7.0',
108 silly addNameRange     '2.7.1',
108 silly addNameRange     '2.7.2',
108 silly addNameRange     '2.7.4',
108 silly addNameRange     '2.7.3',
108 silly addNameRange     '3.0.0',
108 silly addNameRange     '3.0.1',
108 silly addNameRange     '3.0.2',
108 silly addNameRange     '2.8.0',
108 silly addNameRange     '3.0.3',
108 silly addNameRange     '3.1.0',
108 silly addNameRange     '2.8.1',
108 silly addNameRange     '3.1.1',
108 silly addNameRange     '2.8.2',
108 silly addNameRange     '2.8.3',
108 silly addNameRange     '2.9.0',
108 silly addNameRange     '3.2.0',
108 silly addNameRange     '2.9.1',
108 silly addNameRange     '3.2.1',
108 silly addNameRange     '2.9.2',
108 silly addNameRange     '3.2.2',
108 silly addNameRange     '3.3.0',
108 silly addNameRange     '3.3.1',
108 silly addNameRange     '2.9.3',
108 silly addNameRange     '3.4.0',
108 silly addNameRange     '2.9.4',
108 silly addNameRange     '2.9.5',
108 silly addNameRange     '3.5.0',
108 silly addNameRange     '3.5.1',
108 silly addNameRange     '3.5.2',
108 silly addNameRange     '3.5.3',
108 silly addNameRange     '2.9.6',
108 silly addNameRange     '2.9.7',
108 silly addNameRange     '3.5.4',
108 silly addNameRange     '3.5.5',
108 silly addNameRange     '2.9.8',
108 silly addNameRange     '2.9.9',
108 silly addNameRange     '3.5.6',
108 silly addNameRange     '3.5.7',
108 silly addNameRange     '3.5.8',
108 silly addNameRange     '2.9.10',
108 silly addNameRange     '3.5.9',
108 silly addNameRange     '3.6.2',
108 silly addNameRange     '3.5.10',
108 silly addNameRange     '3.6.3',
108 silly addNameRange     '3.5.11',
108 silly addNameRange     '3.6.4',
108 silly addNameRange     '3.6.5',
108 silly addNameRange     '3.6.6',
108 silly addNameRange     '3.6.7',
108 silly addNameRange     '3.5.12',
108 silly addNameRange     '3.6.8',
108 silly addNameRange     '3.6.9',
108 silly addNameRange     '3.6.10',
108 silly addNameRange     '3.5.13',
108 silly addNameRange     '3.5.14',
108 silly addNameRange     '3.6.11',
108 silly addNameRange     '3.6.12',
108 silly addNameRange     '3.6.13',
108 silly addNameRange     '3.6.14',
108 silly addNameRange     '3.6.15',
108 silly addNameRange     '3.5.15',
108 silly addNameRange     '3.7.0',
108 silly addNameRange     '3.6.16',
108 silly addNameRange     '3.5.16',
108 silly addNameRange     '3.6.17',
108 silly addNameRange     '3.7.2',
108 silly addNameRange     '3.0.0-alpha1',
108 silly addNameRange     '3.0.0-alpha2',
108 silly addNameRange     '3.0.0-rc0',
108 silly addNameRange     '3.6.0-rc0',
108 silly addNameRange     '3.6.0-rc1',
108 silly addNameRange     '3.6.18',
108 silly addNameRange     '3.7.3',
108 silly addNameRange     '3.6.19',
108 silly addNameRange     '3.6.20',
108 silly addNameRange     '3.7.4',
108 silly addNameRange     '3.8.0',
108 silly addNameRange     '3.8.1',
108 silly addNameRange     '3.8.2',
108 silly addNameRange     '3.8.3',
108 silly addNameRange     '3.8.4',
108 silly addNameRange     '3.8.5',
108 silly addNameRange     '3.8.6',
108 silly addNameRange     '3.8.7',
108 silly addNameRange     '3.8.8',
108 silly addNameRange     '3.8.9',
108 silly addNameRange     '3.8.10',
108 silly addNameRange     '3.8.11',
108 silly addNameRange     '3.9.0',
108 silly addNameRange     '3.8.12',
108 silly addNameRange     '3.8.13',
108 silly addNameRange     '3.8.14',
108 silly addNameRange     '3.8.15',
108 silly addNameRange     '3.9.1',
108 silly addNameRange     '3.8.16',
108 silly addNameRange     '3.9.2',
108 silly addNameRange     '3.8.17',
108 silly addNameRange     '3.9.3',
108 silly addNameRange     '3.8.18',
108 silly addNameRange     '3.9.4',
108 silly addNameRange     '3.8.19',
108 silly addNameRange     '3.9.5',
108 silly addNameRange     '3.8.20',
108 silly addNameRange     '3.9.6',
108 silly addNameRange     '3.8.21',
108 silly addNameRange     '3.9.7' ] ]
109 verbose addNamed [ 'mongoose', '3.6.20' ]
110 verbose addNamed [ '3.6.20', '3.6.20' ]
111 silly lockFile 9e27220e-mongoose-3-6-20 mongoose@3.6.20
112 verbose lock mongoose@3.6.20 /Users/suyashkumar/.npm/9e27220e-mongoose-3-6-20.lock
113 info retry fetch attempt 1 at 20:53:36
114 verbose fetch to= /tmp/npm-1591-jk1QBQRi/registry.npmjs.org/express/-/express-4.7.4.tgz
115 http GET https://registry.npmjs.org/express/-/express-4.7.4.tgz
116 silly lockFile 9e27220e-mongoose-3-6-20 mongoose@3.6.20
117 silly lockFile 9e27220e-mongoose-3-6-20 mongoose@3.6.20
118 silly lockFile 96ad86c1-mongoose-3-6-2 mongoose@~3.6.2
119 silly lockFile 96ad86c1-mongoose-3-6-2 mongoose@~3.6.2
120 http 304 https://registry.npmjs.org/method-override
121 silly registry.get cb [ 304,
121 silly registry.get   { date: 'Sat, 20 Dec 2014 01:53:35 GMT',
121 silly registry.get     server: 'Apache',
121 silly registry.get     via: '1.1 varnish',
121 silly registry.get     'last-modified': 'Sat, 20 Dec 2014 01:53:36 GMT',
121 silly registry.get     'cache-control': 'max-age=60',
121 silly registry.get     etag: '"AK6QIVGBUW4U1X7FDGZTCJDI1"',
121 silly registry.get     age: '0',
121 silly registry.get     'x-served-by': 'cache-atl6234-ATL',
121 silly registry.get     'x-cache': 'HIT',
121 silly registry.get     'x-cache-hits': '1',
121 silly registry.get     'x-timer': 'S1419040415.763111,VS0,VE323',
121 silly registry.get     vary: 'Accept',
121 silly registry.get     'content-length': '0',
121 silly registry.get     'keep-alive': 'timeout=10, max=50',
121 silly registry.get     connection: 'Keep-Alive' } ]
122 verbose etag https://registry.npmjs.org/method-override from cache
123 silly addNameRange number 2 { name: 'method-override',
123 silly addNameRange   range: '>=2.1.2-0 <2.2.0-0',
123 silly addNameRange   hasData: true }
124 silly addNameRange versions [ 'method-override',
124 silly addNameRange   [ '1.0.0',
124 silly addNameRange     '1.0.1',
124 silly addNameRange     '1.0.2',
124 silly addNameRange     '2.0.0',
124 silly addNameRange     '2.0.1',
124 silly addNameRange     '2.0.2',
124 silly addNameRange     '2.1.0',
124 silly addNameRange     '2.1.1',
124 silly addNameRange     '2.1.2',
124 silly addNameRange     '2.1.3',
124 silly addNameRange     '2.2.0',
124 silly addNameRange     '2.3.0' ] ]
125 verbose addNamed [ 'method-override', '2.1.3' ]
126 verbose addNamed [ '2.1.3', '2.1.3' ]
127 silly lockFile b4e26855-method-override-2-1-3 method-override@2.1.3
128 verbose lock method-override@2.1.3 /Users/suyashkumar/.npm/b4e26855-method-override-2-1-3.lock
129 silly lockFile 80617f34-erride-method-override-2-1-3-tgz https://registry.npmjs.org/method-override/-/method-override-2.1.3.tgz
130 verbose lock https://registry.npmjs.org/method-override/-/method-override-2.1.3.tgz /Users/suyashkumar/.npm/80617f34-erride-method-override-2-1-3-tgz.lock
131 verbose addRemoteTarball [ 'https://registry.npmjs.org/method-override/-/method-override-2.1.3.tgz',
131 verbose addRemoteTarball   '511f41c4fb1dccdb6ab1844da5dc6ea81b7c1135' ]
132 info retry fetch attempt 1 at 20:53:36
133 verbose fetch to= /tmp/npm-1591-jk1QBQRi/registry.npmjs.org/method-override/-/method-override-2.1.3.tgz
134 http GET https://registry.npmjs.org/method-override/-/method-override-2.1.3.tgz
135 http 200 https://registry.npmjs.org/express/-/express-4.7.4.tgz
136 http 200 https://registry.npmjs.org/method-override/-/method-override-2.1.3.tgz
137 silly lockFile 80617f34-erride-method-override-2-1-3-tgz https://registry.npmjs.org/method-override/-/method-override-2.1.3.tgz
138 silly lockFile 80617f34-erride-method-override-2-1-3-tgz https://registry.npmjs.org/method-override/-/method-override-2.1.3.tgz
139 silly lockFile b4e26855-method-override-2-1-3 method-override@2.1.3
140 silly lockFile b4e26855-method-override-2-1-3 method-override@2.1.3
141 silly lockFile fa7a4300-method-override-2-1-2 method-override@~2.1.2
142 silly lockFile fa7a4300-method-override-2-1-2 method-override@~2.1.2
143 silly lockFile 47db6f59-js-org-express-express-4-7-4-tgz https://registry.npmjs.org/express/-/express-4.7.4.tgz
144 silly lockFile 47db6f59-js-org-express-express-4-7-4-tgz https://registry.npmjs.org/express/-/express-4.7.4.tgz
145 silly lockFile 70e7f37f-express-4-7-4 express@4.7.4
146 silly lockFile 70e7f37f-express-4-7-4 express@4.7.4
147 silly lockFile ef4e1f61-express-4-7-2 express@~4.7.2
148 silly lockFile ef4e1f61-express-4-7-2 express@~4.7.2
149 error notarget No compatible version found: morgan@'body-parser'
149 error notarget Valid install targets:
149 error notarget ["1.0.0","1.0.1","1.1.0","1.1.1","1.2.0","1.2.1","1.2.2","1.2.3","1.3.0","1.3.1","1.3.2","1.4.0","1.4.1","1.5.0"]
149 error notarget
149 error notarget This is most likely not a problem with npm itself.
149 error notarget In most cases you or one of your dependencies are requesting
149 error notarget a package version that doesn't exist.
150 error System Darwin 13.2.0
151 error command "node" "/usr/local/bin/npm" "install"
152 error cwd /Users/suyashkumar/Dropbox/Duke/WinterBreakLearning/NodePlayground/ToDoApp
153 error node -v v0.10.34
154 error npm -v 1.4.28
155 error code ETARGET
156 verbose exit [ 1, true ]
